<?xml version="1.0" encoding="UTF-8"?>
<!-- Generated by org.testng.reporters.JUnitReportReporter -->
<testsuite skipped="0" hostname="DESKTOP-KGAGNG4" name="org.qualitest.calling_module.NewTest" tests="1" failures="0" timestamp="27 Oct 2016 18:43:41 GMT" time="11.445" errors="0">
  <testcase name="f" time="11.445" classname="org.qualitest.calling_module.NewTest"/>
</testsuite> <!-- org.qualitest.calling_module.NewTest -->
