<?xml version="1.0" encoding="UTF-8"?>
<!-- Generated by org.testng.reporters.JUnitReportReporter -->
<testsuite skipped="0" hostname="DESKTOP-KGAGNG4" name="org.qualitest.calling_module.NewTest" tests="1" failures="0" timestamp="1 Nov 2016 20:56:57 GMT" time="22.506" errors="0">
  <testcase name="f" time="22.506" classname="org.qualitest.calling_module.NewTest"/>
</testsuite> <!-- org.qualitest.calling_module.NewTest -->
